# JRE version: Java(TM) SE Runtime Environment (8.0_261-b12) (build 1.8.0_261-b12)
# Java VM: Java HotSpot(TM) 64-Bit Server VM (25.261-b12 mixed mode windows-amd64 compressed oops)
Heap:
 PSYoungGen      total 75776K, used 65024K [0x000000076bd00000, 0x0000000775100000, 0x00000007c0000000)
  eden space 65024K, 100% used [0x000000076bd00000,0x000000076fc80000,0x000000076fc80000)
  from space 10752K, 0% used [0x000000076fc80000,0x000000076fc80000,0x0000000770700000)
  to   space 10752K, 28% used [0x0000000774680000,0x000000077497d030,0x0000000775100000)
 ParOldGen       total 95744K, used 7655K [0x00000006c3600000, 0x00000006c9380000, 0x000000076bd00000)
  object space 95744K, 7% used [0x00000006c3600000,0x00000006c3d79c68,0x00000006c9380000)
 Metaspace       used 26337K, capacity 27090K, committed 27264K, reserved 1073152K
  class space    used 3409K, capacity 3601K, committed 3712K, reserved 1048576K
GC Heap History (9 events):
Event: 0.875 GC heap before
{Heap before GC invocations=1 (full 0):
 PSYoungGen      total 75776K, used 65024K [0x000000076bd00000, 0x0000000771180000, 0x00000007c0000000)
  eden space 65024K, 100% used [0x000000076bd00000,0x000000076fc80000,0x000000076fc80000)
  from space 10752K, 0% used [0x0000000770700000,0x0000000770700000,0x0000000771180000)
  to   space 10752K, 0% used [0x000000076fc80000,0x000000076fc80000,0x0000000770700000)
 ParOldGen       total 173568K, used 0K [0x00000006c3600000, 0x00000006cdf80000, 0x000000076bd00000)
  object space 173568K, 0% used [0x00000006c3600000,0x00000006c3600000,0x00000006cdf80000)
 Metaspace       used 11506K, capacity 11854K, committed 12032K, reserved 1060864K
  class space    used 1366K, capacity 1455K, committed 1536K, reserved 1048576K
Event: 0.880 GC heap after
Heap after GC invocations=1 (full 0):
 PSYoungGen      total 75776K, used 6857K [0x000000076bd00000, 0x0000000771180000, 0x00000007c0000000)
  eden space 65024K, 0% used [0x000000076bd00000,0x000000076bd00000,0x000000076fc80000)
  from space 10752K, 63% used [0x000000076fc80000,0x00000007703326d8,0x0000000770700000)
  to   space 10752K, 0% used [0x0000000770700000,0x0000000770700000,0x0000000771180000)
 ParOldGen       total 173568K, used 16K [0x00000006c3600000, 0x00000006cdf80000, 0x000000076bd00000)
  object space 173568K, 0% used [0x00000006c3600000,0x00000006c3604000,0x00000006cdf80000)
 Metaspace       used 11506K, capacity 11854K, committed 12032K, reserved 1060864K
  class space    used 1366K, capacity 1455K, committed 1536K, reserved 1048576K
}
Event: 1.263 GC heap before
{Heap before GC invocations=2 (full 0):
 PSYoungGen      total 75776K, used 71881K [0x000000076bd00000, 0x0000000771180000, 0x00000007c0000000)
  eden space 65024K, 100% used [0x000000076bd00000,0x000000076fc80000,0x000000076fc80000)
  from space 10752K, 63% used [0x000000076fc80000,0x00000007703326d8,0x0000000770700000)
  to   space 10752K, 0% used [0x0000000770700000,0x0000000770700000,0x0000000771180000)
 ParOldGen       total 173568K, used 16K [0x00000006c3600000, 0x00000006cdf80000, 0x000000076bd00000)
  object space 173568K, 0% used [0x00000006c3600000,0x00000006c3604000,0x00000006cdf80000)
 Metaspace       used 17482K, capacity 18056K, committed 18304K, reserved 1064960K
  class space    used 2302K, capacity 2426K, committed 2432K, reserved 1048576K
Event: 1.272 GC heap after
Heap after GC invocations=2 (full 0):
 PSYoungGen      total 75776K, used 8802K [0x000000076bd00000, 0x0000000775100000, 0x00000007c0000000)
  eden space 65024K, 0% used [0x000000076bd00000,0x000000076bd00000,0x000000076fc80000)
  from space 10752K, 81% used [0x0000000770700000,0x0000000770f98928,0x0000000771180000)
  to   space 10752K, 0% used [0x000000076fc80000,0x000000076fc80000,0x0000000770700000)
 ParOldGen       total 173568K, used 24K [0x00000006c3600000, 0x00000006cdf80000, 0x000000076bd00000)
  object space 173568K, 0% used [0x00000006c3600000,0x00000006c3606000,0x00000006cdf80000)
 Metaspace       used 17482K, capacity 18056K, committed 18304K, reserved 1064960K
  class space    used 2302K, capacity 2426K, committed 2432K, reserved 1048576K
}
Event: 1.397 GC heap before
{Heap before GC invocations=3 (full 0):
 PSYoungGen      total 75776K, used 37299K [0x000000076bd00000, 0x0000000775100000, 0x00000007c0000000)
  eden space 65024K, 43% used [0x000000076bd00000,0x000000076d8d4320,0x000000076fc80000)
  from space 10752K, 81% used [0x0000000770700000,0x0000000770f98928,0x0000000771180000)
  to   space 10752K, 0% used [0x000000076fc80000,0x000000076fc80000,0x0000000770700000)
 ParOldGen       total 173568K, used 24K [0x00000006c3600000, 0x00000006cdf80000, 0x000000076bd00000)
  object space 173568K, 0% used [0x00000006c3600000,0x00000006c3606000,0x00000006cdf80000)
 Metaspace       used 20639K, capacity 21232K, committed 21248K, reserved 1067008K
  class space    used 2677K, capacity 2814K, committed 2816K, reserved 1048576K
Event: 1.403 GC heap after
Heap after GC invocations=3 (full 0):
 PSYoungGen      total 75776K, used 7925K [0x000000076bd00000, 0x0000000775100000, 0x00000007c0000000)
  eden space 65024K, 0% used [0x000000076bd00000,0x000000076bd00000,0x000000076fc80000)
  from space 10752K, 73% used [0x000000076fc80000,0x000000077043d6f8,0x0000000770700000)
  to   space 10752K, 0% used [0x0000000774680000,0x0000000774680000,0x0000000775100000)
 ParOldGen       total 173568K, used 32K [0x00000006c3600000, 0x00000006cdf80000, 0x000000076bd00000)
  object space 173568K, 0% used [0x00000006c3600000,0x00000006c3608000,0x00000006cdf80000)
 Metaspace       used 20639K, capacity 21232K, committed 21248K, reserved 1067008K
  class space    used 2677K, capacity 2814K, committed 2816K, reserved 1048576K
}
Event: 1.403 GC heap before
{Heap before GC invocations=4 (full 1):
 PSYoungGen      total 75776K, used 7925K [0x000000076bd00000, 0x0000000775100000, 0x00000007c0000000)
  eden space 65024K, 0% used [0x000000076bd00000,0x000000076bd00000,0x000000076fc80000)
  from space 10752K, 73% used [0x000000076fc80000,0x000000077043d6f8,0x0000000770700000)
  to   space 10752K, 0% used [0x0000000774680000,0x0000000774680000,0x0000000775100000)
 ParOldGen       total 173568K, used 32K [0x00000006c3600000, 0x00000006cdf80000, 0x000000076bd00000)
  object space 173568K, 0% used [0x00000006c3600000,0x00000006c3608000,0x00000006cdf80000)
 Metaspace       used 20639K, capacity 21232K, committed 21248K, reserved 1067008K
  class space    used 2677K, capacity 2814K, committed 2816K, reserved 1048576K
Event: 1.419 GC heap after
Heap after GC invocations=4 (full 1):
 PSYoungGen      total 75776K, used 0K [0x000000076bd00000, 0x0000000775100000, 0x00000007c0000000)
  eden space 65024K, 0% used [0x000000076bd00000,0x000000076bd00000,0x000000076fc80000)
  from space 10752K, 0% used [0x000000076fc80000,0x000000076fc80000,0x0000000770700000)
  to   space 10752K, 0% used [0x0000000774680000,0x0000000774680000,0x0000000775100000)
 ParOldGen       total 95744K, used 7583K [0x00000006c3600000, 0x00000006c9380000, 0x000000076bd00000)
  object space 95744K, 7% used [0x00000006c3600000,0x00000006c3d67c58,0x00000006c9380000)
 Metaspace       used 20639K, capacity 21232K, committed 21248K, reserved 1067008K
  class space    used 2677K, capacity 2814K, committed 2816K, reserved 1048576K
}
Event: 1.778 GC heap before
{Heap before GC invocations=5 (full 1):
 PSYoungGen      total 75776K, used 65024K [0x000000076bd00000, 0x0000000775100000, 0x00000007c0000000)
  eden space 65024K, 100% used [0x000000076bd00000,0x000000076fc80000,0x000000076fc80000)
  from space 10752K, 0% used [0x000000076fc80000,0x000000076fc80000,0x0000000770700000)
  to   space 10752K, 0% used [0x0000000774680000,0x0000000774680000,0x0000000775100000)
 ParOldGen       total 95744K, used 7583K [0x00000006c3600000, 0x00000006c9380000, 0x000000076bd00000)
  object space 95744K, 7% used [0x00000006c3600000,0x00000006c3d67c58,0x00000006c9380000)
 Metaspace       used 26337K, capacity 27090K, committed 27264K, reserved 1073152K
  class space    used 3409K, capacity 3601K, committed 3712K, reserved 1048576K

